<?xml version="1.0" encoding="UTF-8"?>
<testsuite xmlns:xsi="http://www.w3.org/2001/XMLSchema-instance" xsi:noNamespaceSchemaLocation="https://maven.apache.org/surefire/maven-surefire-plugin/xsd/surefire-test-report.xsd" name="com.fleet.counties.CountiesControllerTest" time="4.587" tests="1" errors="0" skipped="0" failures="1">
  <properties>
[...]
</properties>
  <testcase name="shouldFetchOneMovieByNameAndState" classname="com.fleet.counties.CountiesControllerTest" time="0.581">
    <failure message="No value at JSON path &quot;$.name&quot;" type="java.lang.AssertionError">java.lang.AssertionError: No value at JSON path "$.name"
	at com.fleet.counties.CountiesControllerTest.shouldFetchOneMovieByNameAndState(CountiesControllerTest.java:100)
Caused by: com.jayway.jsonpath.PathNotFoundException: Expected to find an object with property ['name'] in path $ but found 'net.minidev.json.JSONArray'. This is not a json object according to the JsonProvider: 'com.jayway.jsonpath.spi.json.JsonSmartJsonProvider'.
</failure>
    <system-out><![CDATA[2023-06-12 16:30:04.197  INFO 26872 --- [           main] .b.t.a.w.s.WebMvcTestContextBootstrapper : Neither @ContextConfiguration nor @ContextHierarchy found for test class [com.fleet.counties.CountiesControllerTest], using SpringBootContextLoader
2023-06-12 16:30:04.238  INFO 26872 --- [           main] o.s.t.c.support.AbstractContextLoader    : Could not detect default resource locations for test class [com.fleet.counties.CountiesControllerTest]: no resource found for suffixes {-context.xml, Context.groovy}.
2023-06-12 16:30:04.241  INFO 26872 --- [           main] t.c.s.AnnotationConfigContextLoaderUtils : Could not detect default configuration classes for test class [com.fleet.counties.CountiesControllerTest]: CountiesControllerTest does not declare any static, non-private, non-final, nested classes annotated with @Configuration.
2023-06-12 16:30:04.300  INFO 26872 --- [           main] .b.t.c.SpringBootTestContextBootstrapper : Found @SpringBootConfiguration com.fleet.counties.CountiesApplication for test class com.fleet.counties.CountiesControllerTest
2023-06-12 16:30:04.303  INFO 26872 --- [           main] .b.t.a.w.s.WebMvcTestContextBootstrapper : Loaded default TestExecutionListener class names from location [META-INF/spring.factories]: [org.springframework.boot.test.mock.mockito.MockitoTestExecutionListener, org.springframework.boot.test.mock.mockito.ResetMocksTestExecutionListener, org.springframework.boot.test.autoconfigure.restdocs.RestDocsTestExecutionListener, org.springframework.boot.test.autoconfigure.web.client.MockRestServiceServerResetTestExecutionListener, org.springframework.boot.test.autoconfigure.web.servlet.MockMvcPrintOnlyOnFailureTestExecutionListener, org.springframework.boot.test.autoconfigure.web.servlet.WebDriverTestExecutionListener, org.springframework.boot.test.autoconfigure.webservices.client.MockWebServiceServerTestExecutionListener, org.springframework.test.context.web.ServletTestExecutionListener, org.springframework.test.context.support.DirtiesContextBeforeModesTestExecutionListener, org.springframework.test.context.event.ApplicationEventsTestExecutionListener, org.springframework.test.context.support.DependencyInjectionTestExecutionListener, org.springframework.test.context.support.DirtiesContextTestExecutionListener, org.springframework.test.context.transaction.TransactionalTestExecutionListener, org.springframework.test.context.jdbc.SqlScriptsTestExecutionListener, org.springframework.test.context.event.EventPublishingTestExecutionListener]
2023-06-12 16:30:04.305  INFO 26872 --- [           main] .b.t.a.w.s.WebMvcTestContextBootstrapper : Using TestExecutionListeners: [org.springframework.test.context.web.ServletTestExecutionListener@7c6f91d2, org.springframework.test.context.support.DirtiesContextBeforeModesTestExecutionListener@628721ba, org.springframework.test.context.event.ApplicationEventsTestExecutionListener@67d8e214, org.springframework.boot.test.mock.mockito.MockitoTestExecutionListener@3c0640fa, org.springframework.boot.test.autoconfigure.SpringBootDependencyInjectionTestExecutionListener@3c67b7a9, org.springframework.test.context.support.DirtiesContextTestExecutionListener@67b6cb6e, org.springframework.test.context.transaction.TransactionalTestExecutionListener@47de4dce, org.springframework.test.context.jdbc.SqlScriptsTestExecutionListener@4951c45f, org.springframework.test.context.event.EventPublishingTestExecutionListener@488ae823, org.springframework.boot.test.mock.mockito.ResetMocksTestExecutionListener@19b6b7e7, org.springframework.boot.test.autoconfigure.restdocs.RestDocsTestExecutionListener@2c332922, org.springframework.boot.test.autoconfigure.web.client.MockRestServiceServerResetTestExecutionListener@6b8773c7, org.springframework.boot.test.autoconfigure.web.servlet.MockMvcPrintOnlyOnFailureTestExecutionListener@74534564, org.springframework.boot.test.autoconfigure.web.servlet.WebDriverTestExecutionListener@5876cd86, org.springframework.boot.test.autoconfigure.webservices.client.MockWebServiceServerTestExecutionListener@6d398593]

  .   ____          _            __ _ _
 /\\ / ___'_ __ _ _(_)_ __  __ _ \ \ \ \
( ( )\___ | '_ | '_| | '_ \/ _` | \ \ \ \
 \\/  ___)| |_)| | | | | || (_| |  ) ) ) )
  '  |____| .__|_| |_|_| |_\__, | / / / /
 =========|_|==============|___/=/_/_/_/
 :: Spring Boot ::               (v2.7.12)

2023-06-12 16:30:04.543  INFO 26872 --- [           main] c.fleet.counties.CountiesControllerTest  : Starting CountiesControllerTest using Java 17.0.7 on DESKTOP-K9TR6HG with PID 26872 (started by MADHU SARAN in C:\Users\MADHU SARAN\Downloads\Counties\Counties)
2023-06-12 16:30:04.543  INFO 26872 --- [           main] c.fleet.counties.CountiesControllerTest  : No active profile set, falling back to 1 default profile: "default"
2023-06-12 16:30:08.105  INFO 26872 --- [           main] o.s.b.t.m.w.SpringBootMockServletContext : Initializing Spring TestDispatcherServlet ''
2023-06-12 16:30:08.107  INFO 26872 --- [           main] o.s.t.web.servlet.TestDispatcherServlet  : Initializing Servlet ''
2023-06-12 16:30:08.112  INFO 26872 --- [           main] o.s.t.web.servlet.TestDispatcherServlet  : Completed initialization in 4 ms
2023-06-12 16:30:08.180  INFO 26872 --- [           main] c.fleet.counties.CountiesControllerTest  : Started CountiesControllerTest in 3.865 seconds (JVM running for 30.021)
Counties Saved!

MockHttpServletRequest:
      HTTP Method = GET
      Request URI = /suggest
       Parameters = {q=[cowlitz, wa]}
          Headers = []
             Body = null
    Session Attrs = {}

Handler:
             Type = com.fleet.counties.controller.CountiesController
           Method = com.fleet.counties.controller.CountiesController#getCounties(String)

Async:
    Async started = false
     Async result = null

Resolved Exception:
             Type = null

ModelAndView:
        View name = null
             View = null
            Model = null

FlashMap:
       Attributes = null

MockHttpServletResponse:
           Status = 200
    Error message = null
          Headers = [Content-Type:"application/json"]
     Content type = application/json
             Body = [{"fips":"53015","state":"WA","name":"Cowlitz","optional":{}}]
    Forwarded URL = null
   Redirected URL = null
          Cookies = []
]]></system-out>
  </testcase>
</testsuite>